This is pdfTeX, Version 3.14159265-2.6-1.40.16 (TeX Live 2015/Debian) (preloaded format=pdflatex 2017.8.25)  25 AUG 2017 14:24
entering extended mode
 restricted \write18 enabled.
 file:line:error style messages enabled.
 %&-line parsing enabled.
**\input HOLImplementation.tex
(./HOLImplementation.tex

! LaTeX Error: File `../HOL/ssmPB/HOLReports/HOLPBType.tex' not found.

Type X to quit or <RETURN> to proceed,
or enter new name. (Default extension: tex)

Enter file name: 
./HOLImplementation.tex:1: Emergency stop.
<read *> 
         
l.1 \input{../HOL/ssmPB/HOLReports/HOLPBType.tex}
                                                 ^^M
*** (cannot \read from terminal in nonstop modes)

 
Here is how much of TeX's memory you used:
 7 strings out of 494953
 207 string characters out of 6180977
 45171 words of memory out of 5000000
 3390 multiletter control sequences out of 15000+600000
 3640 words of font info for 14 fonts, out of 8000000 for 9000
 14 hyphenation exceptions out of 8191
 5i,0n,3p,76b,8s stack positions out of 5000i,500n,10000p,200000b,80000s
./HOLImplementation.tex:1:  ==> Fatal error occurred, no output PDF file produc
ed!
