\BOOKMARK [0][-]{chapter*.1}{List of Figures}{}% 1
\BOOKMARK [0][-]{chapter*.2}{Preface}{}% 2
\BOOKMARK [0][-]{section*.7}{Acknowledgments}{}% 3
\BOOKMARK [0][-]{chapter.1}{Summary}{}% 4
\BOOKMARK [0][-]{chapter.2}{Introduction}{}% 5
\BOOKMARK [0][-]{chapter.3}{Methods, Assumptions, and Procedures}{}% 6
\BOOKMARK [1][-]{section.3.1}{Methods}{chapter.3}% 7
\BOOKMARK [2][-]{subsection.3.1.1}{The Implementation Approach}{section.3.1}% 8
\BOOKMARK [2][-]{subsection.3.1.2}{Hierarchy of State Machines}{section.3.1}% 9
\BOOKMARK [2][-]{subsection.3.1.3}{The Secure State Machine}{section.3.1}% 10
\BOOKMARK [2][-]{subsection.3.1.4}{Authentication}{section.3.1}% 11
\BOOKMARK [2][-]{subsection.3.1.5}{Authorization}{section.3.1}% 12
\BOOKMARK [2][-]{subsection.3.1.6}{State Interpretation}{section.3.1}% 13
\BOOKMARK [2][-]{subsection.3.1.7}{Implementation of the Secure State Machine Model}{section.3.1}% 14
\BOOKMARK [2][-]{subsection.3.1.8}{Parameterization of the ssm11 secure state machine}{section.3.1}% 15
\BOOKMARK [2][-]{subsection.3.1.9}{Future Work \205 Some Notes}{section.3.1}% 16
\BOOKMARK [0][-]{chapter.4}{Results and Discussions}{}% 17
\BOOKMARK [1][-]{section.4.1}{Overall Results and Discussion}{chapter.4}% 18
\BOOKMARK [1][-]{section.4.2}{Design Results and Discussion}{chapter.4}% 19
\BOOKMARK [1][-]{section.4.3}{Implementation Results and Discussion}{chapter.4}% 20
\BOOKMARK [2][-]{subsection.4.3.1}{ssm11Script.sml, satListScript.sml, and ssminfRules.sml}{section.4.3}% 21
\BOOKMARK [2][-]{subsection.4.3.2}{PBTypeScript.sml and ssmPBScript.sml}{section.4.3}% 22
\BOOKMARK [0][-]{chapter.5}{Conclusions}{}% 23
\BOOKMARK [1][-]{section.5.1}{Overall Conclusions}{chapter.5}% 24
\BOOKMARK [1][-]{section.5.2}{Future Work}{chapter.5}% 25
\BOOKMARK [2][-]{subsection.5.2.1}{Design Phase}{section.5.2}% 26
\BOOKMARK [2][-]{subsection.5.2.2}{Implementation Phase}{section.5.2}% 27
\BOOKMARK [0][-]{chapter.6}{Recommendations}{}% 28
\BOOKMARK [1][-]{section.6.1}{Design Recommendations}{chapter.6}% 29
\BOOKMARK [0][-]{chapter.7}{References}{}% 30
\BOOKMARK [0][-]{appendix.A}{State Machine Overview}{}% 31
\BOOKMARK [0][-]{appendix.B}{PB UML Class Diagram}{}% 32
\BOOKMARK [0][-]{appendix.C}{PLAN\137PB DFD Level 0}{}% 33
\BOOKMARK [0][-]{appendix.D}{Next State, Next Output Table}{}% 34
\BOOKMARK [0][-]{appendix.E}{Source code for ssmPBScript.sml}{}% 35
\BOOKMARK [0][-]{appendix.F}{Source code for PBTypeScript.sml}{}% 36
\BOOKMARK [0][-]{appendix.G}{Symbols, Abbreviations, and Acronyms}{}% 37
